{"/Users/jeevan/Desktop/Repo/web3-cross/src/abstract/dlts/bitcoin.ts": {"path":"/Users/jeevan/Desktop/Repo/web3-cross/src/abstract/dlts/bitcoin.ts","statementMap":{"0":{"start":{"line":1,"column":0},"end":{"line":1,"column":32}},"1":{"start":{"line":4,"column":0},"end":{"line":4,"column":41}},"2":{"start":{"line":7,"column":0},"end":{"line":7,"column":null}},"3":{"start":{"line":7,"column":22},"end":{"line":7,"column":33}},"4":{"start":{"line":15,"column":24},"end":{"line":15,"column":null}},"5":{"start":{"line":16,"column":4},"end":{"line":16,"column":null}},"6":{"start":{"line":9,"column":2},"end":{"line":9,"column":27}},"7":{"start":{"line":12,"column":2},"end":{"line":12,"column":25}},"8":{"start":{"line":20,"column":2},"end":{"line":22,"column":null}},"9":{"start":{"line":25,"column":2},"end":{"line":44,"column":null}},"10":{"start":{"line":26,"column":4},"end":{"line":43,"column":null}},"11":{"start":{"line":28,"column":6},"end":{"line":33,"column":null}},"12":{"start":{"line":29,"column":8},"end":{"line":29,"column":53}},"13":{"start":{"line":31,"column":8},"end":{"line":31,"column":46}},"14":{"start":{"line":32,"column":8},"end":{"line":32,"column":37}},"15":{"start":{"line":34,"column":14},"end":{"line":34,"column":21}},"16":{"start":{"line":35,"column":35},"end":{"line":38,"column":8}},"17":{"start":{"line":39,"column":6},"end":{"line":39,"column":34}},"18":{"start":{"line":40,"column":6},"end":{"line":40,"column":21}},"19":{"start":{"line":42,"column":6},"end":{"line":42,"column":70}},"20":{"start":{"line":45,"column":0},"end":{"line":45,"column":null}},"21":{"start":{"line":47,"column":0},"end":{"line":47,"column":23}}},"fnMap":{"0":{"name":"(anonymous_8)","decl":{"start":{"line":7,"column":0},"end":{"line":7,"column":22}},"loc":{"start":{"line":7,"column":0},"end":{"line":45,"column":null}}},"1":{"name":"Bitcoin","decl":{"start":{"line":15,"column":2},"end":{"line":15,"column":14}},"loc":{"start":{"line":15,"column":44},"end":{"line":17,"column":3}}},"2":{"name":"(anonymous_10)","decl":{"start":{"line":20,"column":2},"end":{"line":20,"column":16}},"loc":{"start":{"line":20,"column":38},"end":{"line":22,"column":3}}},"3":{"name":"(anonymous_11)","decl":{"start":{"line":25,"column":2},"end":{"line":25,"column":12}},"loc":{"start":{"line":25,"column":32},"end":{"line":44,"column":3}}}},"branchMap":{"0":{"loc":{"start":{"line":15,"column":24},"end":{"line":15,"column":null}},"type":"if","locations":[{"start":{"line":15,"column":24},"end":{"line":15,"column":null}},{"start":{"line":15,"column":24},"end":{"line":15,"column":null}}]},"1":{"loc":{"start":{"line":16,"column":4},"end":{"line":16,"column":23}},"type":"binary-expr","locations":[{"start":{"line":16,"column":4},"end":{"line":16,"column":23}},{"start":{"line":16,"column":23},"end":{"line":16,"column":null}}]},"2":{"loc":{"start":{"line":28,"column":6},"end":{"line":33,"column":null}},"type":"if","locations":[{"start":{"line":28,"column":6},"end":{"line":33,"column":null}},{"start":{"line":28,"column":6},"end":{"line":33,"column":null}}]}},"s":{"0":2,"1":2,"2":2,"3":2,"4":7,"5":7,"6":7,"7":7,"8":2,"9":2,"10":3,"11":3,"12":2,"13":1,"14":1,"15":2,"16":2,"17":2,"18":2,"19":1,"20":2,"21":2},"f":{"0":2,"1":7,"2":7,"3":3},"b":{"0":[0,7],"1":[7,7],"2":[2,1]}}
,"/Users/jeevan/Desktop/Repo/web3-cross/src/abstract/dlts/dlt.ts": {"path":"/Users/jeevan/Desktop/Repo/web3-cross/src/abstract/dlts/dlt.ts","statementMap":{"0":{"start":{"line":4,"column":0},"end":{"line":4,"column":null}},"1":{"start":{"line":24,"column":29},"end":{"line":24,"column":null}},"2":{"start":{"line":25,"column":4},"end":{"line":25,"column":19}},"3":{"start":{"line":26,"column":4},"end":{"line":26,"column":27}},"4":{"start":{"line":27,"column":4},"end":{"line":27,"column":45}},"5":{"start":{"line":28,"column":4},"end":{"line":28,"column":33}},"6":{"start":{"line":42,"column":0},"end":{"line":42,"column":null}},"7":{"start":{"line":44,"column":0},"end":{"line":44,"column":27}}},"fnMap":{"0":{"name":"(anonymous_0)","decl":{"start":{"line":4,"column":0},"end":{"line":4,"column":null}},"loc":{"start":{"line":4,"column":0},"end":{"line":42,"column":null}}},"1":{"name":"AbstractDLT","decl":{"start":{"line":24,"column":2},"end":{"line":24,"column":14}},"loc":{"start":{"line":24,"column":55},"end":{"line":29,"column":3}}}},"branchMap":{"0":{"loc":{"start":{"line":24,"column":29},"end":{"line":24,"column":null}},"type":"if","locations":[{"start":{"line":24,"column":29},"end":{"line":24,"column":null}},{"start":{"line":24,"column":29},"end":{"line":24,"column":null}}]}},"s":{"0":2,"1":7,"2":7,"3":7,"4":7,"5":7,"6":2,"7":2},"f":{"0":2,"1":7},"b":{"0":[0,7]}}
,"/Users/jeevan/Desktop/Repo/web3-cross/src/core/index.ts": {"path":"/Users/jeevan/Desktop/Repo/web3-cross/src/core/index.ts","statementMap":{"0":{"start":{"line":9,"column":0},"end":{"line":9,"column":null}},"1":{"start":{"line":24,"column":2},"end":{"line":24,"column":14}},"2":{"start":{"line":13,"column":2},"end":{"line":13,"column":44}},"3":{"start":{"line":26,"column":4},"end":{"line":26,"column":35}},"4":{"start":{"line":29,"column":4},"end":{"line":29,"column":79}},"5":{"start":{"line":32,"column":4},"end":{"line":35,"column":7}},"6":{"start":{"line":33,"column":18},"end":{"line":33,"column":41}},"7":{"start":{"line":34,"column":6},"end":{"line":34,"column":32}},"8":{"start":{"line":42,"column":10},"end":{"line":46,"column":null}},"9":{"start":{"line":43,"column":4},"end":{"line":45,"column":null}},"10":{"start":{"line":44,"column":6},"end":{"line":44,"column":56}},"11":{"start":{"line":53,"column":10},"end":{"line":63,"column":null}},"12":{"start":{"line":54,"column":20},"end":{"line":54,"column":33}},"13":{"start":{"line":55,"column":4},"end":{"line":62,"column":null}},"14":{"start":{"line":56,"column":23},"end":{"line":56,"column":69}},"15":{"start":{"line":57,"column":6},"end":{"line":57,"column":37}},"16":{"start":{"line":59,"column":6},"end":{"line":61,"column":null}},"17":{"start":{"line":60,"column":8},"end":{"line":60,"column":94}},"18":{"start":{"line":64,"column":0},"end":{"line":64,"column":null}},"19":{"start":{"line":66,"column":0},"end":{"line":66,"column":24}}},"fnMap":{"0":{"name":"(anonymous_0)","decl":{"start":{"line":9,"column":0},"end":{"line":9,"column":null}},"loc":{"start":{"line":9,"column":0},"end":{"line":64,"column":null}}},"1":{"name":"FloydSDK","decl":{"start":{"line":24,"column":2},"end":{"line":24,"column":14}},"loc":{"start":{"line":24,"column":30},"end":{"line":36,"column":3}}},"2":{"name":"(anonymous_2)","decl":{"start":{"line":32,"column":25},"end":{"line":32,"column":26}},"loc":{"start":{"line":32,"column":44},"end":{"line":35,"column":5}}},"3":{"name":"(anonymous_3)","decl":{"start":{"line":42,"column":2},"end":{"line":42,"column":10}},"loc":{"start":{"line":42,"column":37},"end":{"line":46,"column":3}}},"4":{"name":"(anonymous_4)","decl":{"start":{"line":53,"column":2},"end":{"line":53,"column":10}},"loc":{"start":{"line":53,"column":30},"end":{"line":63,"column":3}}}},"branchMap":{"0":{"loc":{"start":{"line":29,"column":20},"end":{"line":29,"column":36}},"type":"binary-expr","locations":[{"start":{"line":29,"column":20},"end":{"line":29,"column":36}},{"start":{"line":29,"column":40},"end":{"line":29,"column":64}},{"start":{"line":29,"column":69},"end":{"line":29,"column":78}}]},"1":{"loc":{"start":{"line":43,"column":4},"end":{"line":45,"column":null}},"type":"if","locations":[{"start":{"line":43,"column":4},"end":{"line":45,"column":null}},{"start":{"line":43,"column":4},"end":{"line":45,"column":null}}]},"2":{"loc":{"start":{"line":43,"column":8},"end":{"line":43,"column":13}},"type":"binary-expr","locations":[{"start":{"line":43,"column":8},"end":{"line":43,"column":13}},{"start":{"line":43,"column":17},"end":{"line":43,"column":34}}]},"3":{"loc":{"start":{"line":59,"column":6},"end":{"line":61,"column":null}},"type":"if","locations":[{"start":{"line":59,"column":6},"end":{"line":61,"column":null}},{"start":{"line":59,"column":6},"end":{"line":61,"column":null}}]}},"s":{"0":2,"1":9,"2":9,"3":9,"4":8,"5":8,"6":8,"7":7,"8":2,"9":9,"10":1,"11":2,"12":8,"13":8,"14":8,"15":7,"16":1,"17":1,"18":2,"19":2},"f":{"0":2,"1":9,"2":8,"3":9,"4":8},"b":{"0":[8,1,7],"1":[1,8],"2":[9,9],"3":[1,0]}}
}
