TN:
SF:/Users/jeevan/Desktop/Repo/web3-cross/src/abstract/dlts/bitcoin.ts
FN:7,(anonymous_8)
FN:15,Bitcoin
FN:20,(anonymous_10)
FN:25,(anonymous_11)
FNF:4
FNH:4
FNDA:2,(anonymous_8)
FNDA:7,Bitcoin
FNDA:7,(anonymous_10)
FNDA:3,(anonymous_11)
DA:1,2
DA:4,2
DA:7,2
DA:9,7
DA:12,7
DA:15,7
DA:16,7
DA:20,2
DA:25,2
DA:26,3
DA:28,3
DA:29,2
DA:31,1
DA:32,1
DA:34,2
DA:35,2
DA:39,2
DA:40,2
DA:42,1
DA:45,2
DA:47,2
LF:21
LH:21
BRDA:15,0,0,0
BRDA:15,0,1,7
BRDA:16,1,0,7
BRDA:16,1,1,7
BRDA:28,2,0,2
BRDA:28,2,1,1
BRF:6
BRH:5
end_of_record
TN:
SF:/Users/jeevan/Desktop/Repo/web3-cross/src/abstract/dlts/dlt.ts
FN:4,(anonymous_0)
FN:24,AbstractDLT
FNF:2
FNH:2
FNDA:2,(anonymous_0)
FNDA:7,AbstractDLT
DA:4,2
DA:24,7
DA:25,7
DA:26,7
DA:27,7
DA:28,7
DA:42,2
DA:44,2
LF:8
LH:8
BRDA:24,0,0,0
BRDA:24,0,1,7
BRF:2
BRH:1
end_of_record
TN:
SF:/Users/jeevan/Desktop/Repo/web3-cross/src/core/index.ts
FN:9,(anonymous_0)
FN:24,FloydSDK
FN:32,(anonymous_2)
FN:42,(anonymous_3)
FN:53,(anonymous_4)
FNF:5
FNH:5
FNDA:2,(anonymous_0)
FNDA:9,FloydSDK
FNDA:8,(anonymous_2)
FNDA:9,(anonymous_3)
FNDA:8,(anonymous_4)
DA:9,2
DA:13,9
DA:24,9
DA:26,9
DA:29,8
DA:32,8
DA:33,8
DA:34,7
DA:42,2
DA:43,9
DA:44,1
DA:53,2
DA:54,8
DA:55,8
DA:56,8
DA:57,7
DA:59,1
DA:60,1
DA:64,2
DA:66,2
LF:20
LH:20
BRDA:29,0,0,8
BRDA:29,0,1,1
BRDA:29,0,2,7
BRDA:43,1,0,1
BRDA:43,1,1,8
BRDA:43,2,0,9
BRDA:43,2,1,9
BRDA:59,3,0,1
BRDA:59,3,1,0
BRF:9
BRH:8
end_of_record
